[debug] [2020-12-09T03:35:02.859Z] ----------------------------------------------------------------------
[debug] [2020-12-09T03:35:02.875Z] Command:       C:\Program Files\nodejs\node.exe C:\Users\OLUWANISOLA\AppData\Roaming\npm\node_modules\firebase-tools\lib\bin\firebase.js deploy
[debug] [2020-12-09T03:35:02.876Z] CLI Version:   8.12.1
[debug] [2020-12-09T03:35:02.877Z] Platform:      win32
[debug] [2020-12-09T03:35:02.877Z] Node Version:  v12.18.2
[debug] [2020-12-09T03:35:02.880Z] Time:          Wed Dec 09 2020 04:35:02 GMT+0100 (West Africa Standard Time)
[debug] [2020-12-09T03:35:02.881Z] ----------------------------------------------------------------------
[debug] [2020-12-09T03:35:02.882Z] 
[debug] [2020-12-09T03:35:02.928Z] > command requires scopes: ["email","openid","https://www.googleapis.com/auth/cloudplatformprojects.readonly","https://www.googleapis.com/auth/firebase","https://www.googleapis.com/auth/cloud-platform"]
[debug] [2020-12-09T03:35:02.930Z] > authorizing via signed-in user
[debug] [2020-12-09T03:35:02.932Z] [iam] checking project shola-web for permissions ["firebase.projects.get","firebasehosting.sites.update"]
[debug] [2020-12-09T03:35:02.949Z] >>> HTTP REQUEST POST https://cloudresourcemanager.googleapis.com/v1/projects/shola-web:testIamPermissions  
 {"permissions":["firebase.projects.get","firebasehosting.sites.update"]}
[debug] [2020-12-09T03:35:05.503Z] <<< HTTP RESPONSE 200 {"content-type":"application/json; charset=UTF-8","vary":"X-Origin, Referer, Origin,Accept-Encoding","date":"Wed, 09 Dec 2020 03:35:05 GMT","server":"ESF","cache-control":"private","x-xss-protection":"0","x-frame-options":"SAMEORIGIN","x-content-type-options":"nosniff","server-timing":"gfet4t7; dur=1126","alt-svc":"h3-29=\":443\"; ma=2592000,h3-T051=\":443\"; ma=2592000,h3-Q050=\":443\"; ma=2592000,h3-Q046=\":443\"; ma=2592000,h3-Q043=\":443\"; ma=2592000,quic=\":443\"; ma=2592000; v=\"46,43\"","accept-ranges":"none","transfer-encoding":"chunked"}
[debug] [2020-12-09T03:35:05.515Z] >>> HTTP REQUEST GET https://firebase.googleapis.com/v1beta1/projects/shola-web  
 
[debug] [2020-12-09T03:35:06.125Z] <<< HTTP RESPONSE 200 {"content-type":"application/json; charset=UTF-8","vary":"X-Origin, Referer, Origin,Accept-Encoding","date":"Wed, 09 Dec 2020 03:35:06 GMT","server":"ESF","cache-control":"private","x-xss-protection":"0","x-frame-options":"SAMEORIGIN","x-content-type-options":"nosniff","alt-svc":"h3-29=\":443\"; ma=2592000,h3-T051=\":443\"; ma=2592000,h3-Q050=\":443\"; ma=2592000,h3-Q046=\":443\"; ma=2592000,h3-Q043=\":443\"; ma=2592000,quic=\":443\"; ma=2592000; v=\"46,43\"","accept-ranges":"none","transfer-encoding":"chunked"}
[info] 
[info] === Deploying to 'shola-web'...
[info] 
[info] i  deploying hosting 
[debug] [2020-12-09T03:35:06.237Z] >>> HTTP REQUEST POST https://firebasehosting.googleapis.com/v1beta1/sites/shola-web/versions  
 {"config":{"rewrites":[{"glob":"**","path":"/index.html"}]},"labels":{"deployment-tool":"cli-firebase"}}
